# Web Server Logs
2024-01-15 09:15:23 [WEB] INFO Server started on port 8080
2024-01-15 09:16:45 [WEB] INFO GET /index.html 200 45ms
2024-01-15 09:17:12 [WEB] WARNING GET /api/users timeout after 5000ms
2024-01-15 09:18:30 [WEB] ERROR POST /api/login 500 Internal Server Error
2024-01-15 09:19:55 [WEB] INFO GET /dashboard 200 120ms

# Database Logs  
2024-01-15 09:20:10 [DB] INFO Connection pool initialized
2024-01-15 09:21:25 [DB] WARNING Slow query detected: 2.4s
2024-01-15 09:22:40 [DB] ERROR Deadlock detected on table 'users'
2024-01-15 09:23:15 [DB] INFO Query cache cleared
2024-01-15 09:24:50 [DB] WARNING Replication lag: 15 seconds

# Application Logs
2024-01-15 09:25:30 [APP] INFO User session created: user_id=456
2024-01-15 09:26:45 [APP] ERROR Failed to process payment: invalid_card
2024-01-15 09:27:20 [APP] WARNING High response time: /api/orders (3.2s)
2024-01-15 09:28:35 [APP] INFO Cache updated: product_list
2024-01-15 09:29:50 [APP] ERROR External API unreachable: payment_gateway

# System Logs
2024-01-15 09:30:15 [SYS] INFO Disk check completed
2024-01-15 09:31:40 [SYS] WARNING Memory usage: 89%
2024-01-15 09:32:25 [SYS] ERROR Disk full on /var/log
2024-01-15 09:33:10 [SYS] WARNING CPU temperature high: 78°C
2024-01-15 09:34:55 [SYS] INFO Backup scheduled
